<?xml version="1.0" encoding="UTF-8"?>
<!-- Generated by org.testng.reporters.JUnitReportReporter -->
<testsuite hostname="DESKTOP-AQVOTS7" failures="0" tests="10" name="MyTestCasesInAutomation" time="1.232" errors="0" timestamp="2025-01-09T01:39:24 EET" skipped="9">
  <testcase classname="MyTestCasesInAutomation" name="Checkbox_Example" time="1.232"/>
  <system-out/>
  <testcase classname="MyTestCasesInAutomation" name="Radio_Button_Example">
    <skipped/>
  </testcase> <!-- Radio_Button_Example -->
  <system-out/>
  <testcase classname="MyTestCasesInAutomation" name="Emlement_Displayed_Example">
    <skipped/>
  </testcase> <!-- Emlement_Displayed_Example -->
  <system-out/>
  <testcase classname="MyTestCasesInAutomation" name="Web_Table_Example">
    <skipped/>
  </testcase> <!-- Web_Table_Example -->
  <system-out/>
  <testcase classname="MyTestCasesInAutomation" name="CHeckTiltle">
    <skipped/>
  </testcase> <!-- CHeckTiltle -->
  <system-out/>
  <testcase classname="MyTestCasesInAutomation" name="Switch_Window_Example">
    <skipped/>
  </testcase> <!-- Switch_Window_Example -->
  <system-out/>
  <testcase classname="MyTestCasesInAutomation" name="Switch_To_Alert_Example">
    <skipped/>
  </testcase> <!-- Switch_To_Alert_Example -->
  <system-out/>
  <testcase classname="MyTestCasesInAutomation" name="Switch_Tab_Example">
    <skipped/>
  </testcase> <!-- Switch_Tab_Example -->
  <system-out/>
  <testcase classname="MyTestCasesInAutomation" name="Static_Dropdown_Example">
    <skipped/>
  </testcase> <!-- Static_Dropdown_Example -->
  <system-out/>
  <testcase classname="MyTestCasesInAutomation" name="Dynamic_Dropdown_Example">
    <skipped/>
  </testcase> <!-- Dynamic_Dropdown_Example -->
  <system-out/>
</testsuite> <!-- MyTestCasesInAutomation -->
