<?xml version="1.0" encoding="UTF-8"?>
<!-- Generated by org.testng.reporters.JUnitReportReporter -->
<testsuite hostname="DESKTOP-AQVOTS7" failures="0" tests="8" name="MyTestCasesInAutomation" time="0.421" errors="0" timestamp="2025-01-07T19:34:55 EET" skipped="7">
  <testcase classname="MyTestCasesInAutomation" name="Web_Table_Example" time="0.421"/>
  <system-out/>
  <testcase classname="MyTestCasesInAutomation" name="Radio_Button_Example">
    <skipped/>
  </testcase> <!-- Radio_Button_Example -->
  <system-out/>
  <testcase classname="MyTestCasesInAutomation" name="Switch_To_Alert_Example">
    <skipped/>
  </testcase> <!-- Switch_To_Alert_Example -->
  <system-out/>
  <testcase classname="MyTestCasesInAutomation" name="Switch_Window_Example">
    <skipped/>
  </testcase> <!-- Switch_Window_Example -->
  <system-out/>
  <testcase classname="MyTestCasesInAutomation" name="Checkbox_Example">
    <skipped/>
  </testcase> <!-- Checkbox_Example -->
  <system-out/>
  <testcase classname="MyTestCasesInAutomation" name="Switch_Tab_Example">
    <skipped/>
  </testcase> <!-- Switch_Tab_Example -->
  <system-out/>
  <testcase classname="MyTestCasesInAutomation" name="Static_Dropdown_Example">
    <skipped/>
  </testcase> <!-- Static_Dropdown_Example -->
  <system-out/>
  <testcase classname="MyTestCasesInAutomation" name="Dynamic_Dropdown_Example">
    <skipped/>
  </testcase> <!-- Dynamic_Dropdown_Example -->
  <system-out/>
</testsuite> <!-- MyTestCasesInAutomation -->
