<?xml version="1.0" encoding="UTF-8"?>
<!-- Generated by org.testng.reporters.JUnitReportReporter -->
<testsuite hostname="DESKTOP-AQVOTS7" failures="0" tests="15" name="MyTestCasesInAutomation" time="0.466" errors="0" timestamp="2025-01-11T20:06:00 EET" skipped="14">
  <testcase classname="MyTestCasesInAutomation" name="Download_Example" time="0.466"/>
  <system-out/>
  <testcase classname="MyTestCasesInAutomation" name="Web_Table_Example">
    <skipped/>
  </testcase> <!-- Web_Table_Example -->
  <system-out/>
  <testcase classname="MyTestCasesInAutomation" name="Mouse_Hover_Example">
    <skipped/>
  </testcase> <!-- Mouse_Hover_Example -->
  <system-out/>
  <testcase classname="MyTestCasesInAutomation" name="CHeckTiltle">
    <skipped/>
  </testcase> <!-- CHeckTiltle -->
  <system-out/>
  <testcase classname="MyTestCasesInAutomation" name="Switch_Tab_Example">
    <skipped/>
  </testcase> <!-- Switch_Tab_Example -->
  <system-out/>
  <testcase classname="MyTestCasesInAutomation" name="Enabled_Disabled_Example">
    <skipped/>
  </testcase> <!-- Enabled_Disabled_Example -->
  <system-out/>
  <testcase classname="MyTestCasesInAutomation" name="Emlement_Displayed_Example">
    <skipped/>
  </testcase> <!-- Emlement_Displayed_Example -->
  <system-out/>
  <testcase classname="MyTestCasesInAutomation" name="Radio_Button_Example">
    <skipped/>
  </testcase> <!-- Radio_Button_Example -->
  <system-out/>
  <testcase classname="MyTestCasesInAutomation" name="IFrame_Example">
    <skipped/>
  </testcase> <!-- IFrame_Example -->
  <system-out/>
  <testcase classname="MyTestCasesInAutomation" name="Switch_To_Alert_Example">
    <skipped/>
  </testcase> <!-- Switch_To_Alert_Example -->
  <system-out/>
  <testcase classname="MyTestCasesInAutomation" name="Switch_Window_Example">
    <skipped/>
  </testcase> <!-- Switch_Window_Example -->
  <system-out/>
  <testcase classname="MyTestCasesInAutomation" name="Checkbox_Example">
    <skipped/>
  </testcase> <!-- Checkbox_Example -->
  <system-out/>
  <testcase classname="MyTestCasesInAutomation" name="Static_Dropdown_Example">
    <skipped/>
  </testcase> <!-- Static_Dropdown_Example -->
  <system-out/>
  <testcase classname="MyTestCasesInAutomation" name="Dynamic_Dropdown_Example">
    <skipped/>
  </testcase> <!-- Dynamic_Dropdown_Example -->
  <system-out/>
  <testcase classname="MyTestCasesInAutomation" name="Calendar__Example">
    <skipped/>
  </testcase> <!-- Calendar__Example -->
  <system-out/>
</testsuite> <!-- MyTestCasesInAutomation -->
