<?xml version="1.0" encoding="UTF-8"?>
<!-- Generated by org.testng.reporters.JUnitReportReporter -->
<testsuite hostname="DESKTOP-AQVOTS7" failures="0" tests="7" name="MyTestCases" time="18.098" errors="0" timestamp="2025-01-05T02:27:14 EET" skipped="5">
  <testcase classname="MyTestCases" name="Switch_Window_Example" time="14.174"/>
  <system-out/>
  <testcase classname="MyTestCases" name="Switch_Tab_Example" time="3.924"/>
  <system-out/>
  <testcase classname="MyTestCases" name="Checkbox_Example">
    <skipped/>
  </testcase> <!-- Checkbox_Example -->
  <system-out/>
  <testcase classname="MyTestCases" name="Switch_To_Alert_Example">
    <skipped/>
  </testcase> <!-- Switch_To_Alert_Example -->
  <system-out/>
  <testcase classname="MyTestCases" name="Static_Dropdown_Example">
    <skipped/>
  </testcase> <!-- Static_Dropdown_Example -->
  <system-out/>
  <testcase classname="MyTestCases" name="Dynamic_Dropdown_Example">
    <skipped/>
  </testcase> <!-- Dynamic_Dropdown_Example -->
  <system-out/>
  <testcase classname="MyTestCases" name="Radio_Button_Example">
    <skipped/>
  </testcase> <!-- Radio_Button_Example -->
  <system-out/>
</testsuite> <!-- MyTestCases -->
